Start auto log messages stack - Iteration 1.	[MsgId: MMSG-10545]
Action.c(344): Resource "http://localhost/banking/css/staff_login.css" is in the cache already and will not be downloaded again  	[MsgId: MMSG-26655]
Action.c(344): Resource "http://localhost/banking/css/header.css" is in the cache already and will not be downloaded again  	[MsgId: MMSG-26655]
Action.c(344): Resource "http://localhost/banking/img/chase.jpg" is in the cache already and will not be downloaded again  	[MsgId: MMSG-26655]
Action.c(344): Resource "http://localhost/banking/img/home-logo-hi.png" is in the cache already and will not be downloaded again  	[MsgId: MMSG-26655]
Action.c(344): Resource "http://localhost/banking/css/footer.css" is in the cache already and will not be downloaded again  	[MsgId: MMSG-26655]
Action.c(344): Error -26377: No match found for the requested parameter "C_AccountNumber". Either the specified boundaries were not found in the response or the matched text is longer than current max html parameter size of 256 bytes. The total length of the response is 9203 bytes. You can use "web_set_max_html_param_len" to increase the max parameter size.  	[MsgId: MERR-26377]
End auto log messages stack.	[MsgId: MMSG-10544]


Start auto log messages stack - Iteration 1.	[MsgId: MMSG-10545]
Action.c(344): Resource "http://localhost/banking/css/staff_login.css" is in the cache already and will not be downloaded again  	[MsgId: MMSG-26655]
Action.c(344): Resource "http://localhost/banking/css/header.css" is in the cache already and will not be downloaded again  	[MsgId: MMSG-26655]
Action.c(344): Resource "http://localhost/banking/img/chase.jpg" is in the cache already and will not be downloaded again  	[MsgId: MMSG-26655]
Action.c(344): Resource "http://localhost/banking/img/home-logo-hi.png" is in the cache already and will not be downloaded again  	[MsgId: MMSG-26655]
Action.c(344): Resource "http://localhost/banking/css/footer.css" is in the cache already and will not be downloaded again  	[MsgId: MMSG-26655]
Action.c(344): Error -26377: No match found for the requested parameter "C_AccountNumber". Either the specified boundaries were not found in the response or the matched text is longer than current max html parameter size of 256 bytes. The total length of the response is 9203 bytes. You can use "web_set_max_html_param_len" to increase the max parameter size.  	[MsgId: MERR-26377]
End auto log messages stack.	[MsgId: MMSG-10544]


Start auto log messages stack - Iteration 1.	[MsgId: MMSG-10545]
Action.c(344): Resource "http://localhost/banking/css/staff_login.css" is in the cache already and will not be downloaded again  	[MsgId: MMSG-26655]
Action.c(344): Resource "http://localhost/banking/css/header.css" is in the cache already and will not be downloaded again  	[MsgId: MMSG-26655]
Action.c(344): Resource "http://localhost/banking/img/chase.jpg" is in the cache already and will not be downloaded again  	[MsgId: MMSG-26655]
Action.c(344): Resource "http://localhost/banking/img/home-logo-hi.png" is in the cache already and will not be downloaded again  	[MsgId: MMSG-26655]
Action.c(344): Resource "http://localhost/banking/css/footer.css" is in the cache already and will not be downloaded again  	[MsgId: MMSG-26655]
Action.c(344): Error -26377: No match found for the requested parameter "C_AccountNumber". Either the specified boundaries were not found in the response or the matched text is longer than current max html parameter size of 256 bytes. The total length of the response is 9203 bytes. You can use "web_set_max_html_param_len" to increase the max parameter size.  	[MsgId: MERR-26377]
End auto log messages stack.	[MsgId: MMSG-10544]


Start auto log messages stack - Iteration 1.	[MsgId: MMSG-10545]
Action.c(344): Resource "http://localhost/banking/css/staff_login.css" is in the cache already and will not be downloaded again  	[MsgId: MMSG-26655]
Action.c(344): Resource "http://localhost/banking/css/header.css" is in the cache already and will not be downloaded again  	[MsgId: MMSG-26655]
Action.c(344): Resource "http://localhost/banking/img/chase.jpg" is in the cache already and will not be downloaded again  	[MsgId: MMSG-26655]
Action.c(344): Resource "http://localhost/banking/img/home-logo-hi.png" is in the cache already and will not be downloaded again  	[MsgId: MMSG-26655]
Action.c(344): Resource "http://localhost/banking/css/footer.css" is in the cache already and will not be downloaded again  	[MsgId: MMSG-26655]
Action.c(344): Error -26377: No match found for the requested parameter "C_AccountNumber". Either the specified boundaries were not found in the response or the matched text is longer than current max html parameter size of 256 bytes. The total length of the response is 9203 bytes. You can use "web_set_max_html_param_len" to increase the max parameter size.  	[MsgId: MERR-26377]
End auto log messages stack.	[MsgId: MMSG-10544]


Start auto log messages stack - Iteration 2.	[MsgId: MMSG-10545]
Action.c(344): Resource "http://localhost/banking/css/staff_login.css" is in the cache already and will not be downloaded again  	[MsgId: MMSG-26655]
Action.c(344): Resource "http://localhost/banking/css/header.css" is in the cache already and will not be downloaded again  	[MsgId: MMSG-26655]
Action.c(344): Resource "http://localhost/banking/img/chase.jpg" is in the cache already and will not be downloaded again  	[MsgId: MMSG-26655]
Action.c(344): Resource "http://localhost/banking/img/home-logo-hi.png" is in the cache already and will not be downloaded again  	[MsgId: MMSG-26655]
Action.c(344): Resource "http://localhost/banking/css/footer.css" is in the cache already and will not be downloaded again  	[MsgId: MMSG-26655]
Action.c(344): Error -26377: No match found for the requested parameter "C_AccountNumber". Either the specified boundaries were not found in the response or the matched text is longer than current max html parameter size of 256 bytes. The total length of the response is 9203 bytes. You can use "web_set_max_html_param_len" to increase the max parameter size.  	[MsgId: MERR-26377]
End auto log messages stack.	[MsgId: MMSG-10544]


Start auto log messages stack - Iteration 1.	[MsgId: MMSG-10545]
Action.c(344): Resource "http://localhost/banking/css/staff_login.css" is in the cache already and will not be downloaded again  	[MsgId: MMSG-26655]
Action.c(344): Resource "http://localhost/banking/css/header.css" is in the cache already and will not be downloaded again  	[MsgId: MMSG-26655]
Action.c(344): Resource "http://localhost/banking/img/chase.jpg" is in the cache already and will not be downloaded again  	[MsgId: MMSG-26655]
Action.c(344): Resource "http://localhost/banking/img/home-logo-hi.png" is in the cache already and will not be downloaded again  	[MsgId: MMSG-26655]
Action.c(344): Resource "http://localhost/banking/css/footer.css" is in the cache already and will not be downloaded again  	[MsgId: MMSG-26655]
Action.c(344): Error -26377: No match found for the requested parameter "C_AccountNumber". Either the specified boundaries were not found in the response or the matched text is longer than current max html parameter size of 256 bytes. The total length of the response is 9203 bytes. You can use "web_set_max_html_param_len" to increase the max parameter size.  	[MsgId: MERR-26377]
End auto log messages stack.	[MsgId: MMSG-10544]


Start auto log messages stack - Iteration 2.	[MsgId: MMSG-10545]
Action.c(344): Resource "http://localhost/banking/css/staff_login.css" is in the cache already and will not be downloaded again  	[MsgId: MMSG-26655]
Action.c(344): Resource "http://localhost/banking/css/header.css" is in the cache already and will not be downloaded again  	[MsgId: MMSG-26655]
Action.c(344): Resource "http://localhost/banking/img/chase.jpg" is in the cache already and will not be downloaded again  	[MsgId: MMSG-26655]
Action.c(344): Resource "http://localhost/banking/img/home-logo-hi.png" is in the cache already and will not be downloaded again  	[MsgId: MMSG-26655]
Action.c(344): Resource "http://localhost/banking/css/footer.css" is in the cache already and will not be downloaded again  	[MsgId: MMSG-26655]
Action.c(344): Error -26377: No match found for the requested parameter "C_AccountNumber". Either the specified boundaries were not found in the response or the matched text is longer than current max html parameter size of 256 bytes. The total length of the response is 9203 bytes. You can use "web_set_max_html_param_len" to increase the max parameter size.  	[MsgId: MERR-26377]
End auto log messages stack.	[MsgId: MMSG-10544]


Start auto log messages stack - Iteration 1.	[MsgId: MMSG-10545]
Action.c(344): Resource "http://localhost/banking/css/staff_login.css" is in the cache already and will not be downloaded again  	[MsgId: MMSG-26655]
Action.c(344): Resource "http://localhost/banking/css/header.css" is in the cache already and will not be downloaded again  	[MsgId: MMSG-26655]
Action.c(344): Resource "http://localhost/banking/img/chase.jpg" is in the cache already and will not be downloaded again  	[MsgId: MMSG-26655]
Action.c(344): Resource "http://localhost/banking/img/home-logo-hi.png" is in the cache already and will not be downloaded again  	[MsgId: MMSG-26655]
Action.c(344): Resource "http://localhost/banking/css/footer.css" is in the cache already and will not be downloaded again  	[MsgId: MMSG-26655]
Action.c(344): Error -26377: No match found for the requested parameter "C_AccountNumber". Either the specified boundaries were not found in the response or the matched text is longer than current max html parameter size of 256 bytes. The total length of the response is 9203 bytes. You can use "web_set_max_html_param_len" to increase the max parameter size.  	[MsgId: MERR-26377]
End auto log messages stack.	[MsgId: MMSG-10544]


Start auto log messages stack - Iteration 2.	[MsgId: MMSG-10545]
Action.c(344): Resource "http://localhost/banking/css/staff_login.css" is in the cache already and will not be downloaded again  	[MsgId: MMSG-26655]
Action.c(344): Resource "http://localhost/banking/css/header.css" is in the cache already and will not be downloaded again  	[MsgId: MMSG-26655]
Action.c(344): Resource "http://localhost/banking/img/chase.jpg" is in the cache already and will not be downloaded again  	[MsgId: MMSG-26655]
Action.c(344): Resource "http://localhost/banking/img/home-logo-hi.png" is in the cache already and will not be downloaded again  	[MsgId: MMSG-26655]
Action.c(344): Resource "http://localhost/banking/css/footer.css" is in the cache already and will not be downloaded again  	[MsgId: MMSG-26655]
Action.c(344): Error -26377: No match found for the requested parameter "C_AccountNumber". Either the specified boundaries were not found in the response or the matched text is longer than current max html parameter size of 256 bytes. The total length of the response is 9203 bytes. You can use "web_set_max_html_param_len" to increase the max parameter size.  	[MsgId: MERR-26377]
End auto log messages stack.	[MsgId: MMSG-10544]


Start auto log messages stack - Iteration 1.	[MsgId: MMSG-10545]
Action.c(344): Resource "http://localhost/banking/css/staff_login.css" is in the cache already and will not be downloaded again  	[MsgId: MMSG-26655]
Action.c(344): Resource "http://localhost/banking/css/header.css" is in the cache already and will not be downloaded again  	[MsgId: MMSG-26655]
Action.c(344): Resource "http://localhost/banking/img/chase.jpg" is in the cache already and will not be downloaded again  	[MsgId: MMSG-26655]
Action.c(344): Resource "http://localhost/banking/img/home-logo-hi.png" is in the cache already and will not be downloaded again  	[MsgId: MMSG-26655]
Action.c(344): Resource "http://localhost/banking/css/footer.css" is in the cache already and will not be downloaded again  	[MsgId: MMSG-26655]
Action.c(344): Error -26377: No match found for the requested parameter "C_AccountNumber". Either the specified boundaries were not found in the response or the matched text is longer than current max html parameter size of 256 bytes. The total length of the response is 9203 bytes. You can use "web_set_max_html_param_len" to increase the max parameter size.  	[MsgId: MERR-26377]
End auto log messages stack.	[MsgId: MMSG-10544]


Start auto log messages stack - Iteration 2.	[MsgId: MMSG-10545]
Action.c(344): Resource "http://localhost/banking/css/staff_login.css" is in the cache already and will not be downloaded again  	[MsgId: MMSG-26655]
Action.c(344): Resource "http://localhost/banking/css/header.css" is in the cache already and will not be downloaded again  	[MsgId: MMSG-26655]
Action.c(344): Resource "http://localhost/banking/img/chase.jpg" is in the cache already and will not be downloaded again  	[MsgId: MMSG-26655]
Action.c(344): Resource "http://localhost/banking/img/home-logo-hi.png" is in the cache already and will not be downloaded again  	[MsgId: MMSG-26655]
Action.c(344): Resource "http://localhost/banking/css/footer.css" is in the cache already and will not be downloaded again  	[MsgId: MMSG-26655]
Action.c(344): Error -26377: No match found for the requested parameter "C_AccountNumber". Either the specified boundaries were not found in the response or the matched text is longer than current max html parameter size of 256 bytes. The total length of the response is 9203 bytes. You can use "web_set_max_html_param_len" to increase the max parameter size.  	[MsgId: MERR-26377]
End auto log messages stack.	[MsgId: MMSG-10544]


Start auto log messages stack - Iteration 1.	[MsgId: MMSG-10545]
Action.c(344): Resource "http://localhost/banking/css/staff_login.css" is in the cache already and will not be downloaded again  	[MsgId: MMSG-26655]
Action.c(344): Resource "http://localhost/banking/css/header.css" is in the cache already and will not be downloaded again  	[MsgId: MMSG-26655]
Action.c(344): Resource "http://localhost/banking/img/chase.jpg" is in the cache already and will not be downloaded again  	[MsgId: MMSG-26655]
Action.c(344): Resource "http://localhost/banking/img/home-logo-hi.png" is in the cache already and will not be downloaded again  	[MsgId: MMSG-26655]
Action.c(344): Resource "http://localhost/banking/css/footer.css" is in the cache already and will not be downloaded again  	[MsgId: MMSG-26655]
Action.c(344): Error -26377: No match found for the requested parameter "C_AccountNumber". Either the specified boundaries were not found in the response or the matched text is longer than current max html parameter size of 256 bytes. The total length of the response is 9203 bytes. You can use "web_set_max_html_param_len" to increase the max parameter size.  	[MsgId: MERR-26377]
End auto log messages stack.	[MsgId: MMSG-10544]


Start auto log messages stack - Iteration 3.	[MsgId: MMSG-10545]
Action.c(344): Resource "http://localhost/banking/css/staff_login.css" is in the cache already and will not be downloaded again  	[MsgId: MMSG-26655]
Action.c(344): Resource "http://localhost/banking/css/header.css" is in the cache already and will not be downloaded again  	[MsgId: MMSG-26655]
Action.c(344): Resource "http://localhost/banking/img/chase.jpg" is in the cache already and will not be downloaded again  	[MsgId: MMSG-26655]
Action.c(344): Resource "http://localhost/banking/img/home-logo-hi.png" is in the cache already and will not be downloaded again  	[MsgId: MMSG-26655]
Action.c(344): Resource "http://localhost/banking/css/footer.css" is in the cache already and will not be downloaded again  	[MsgId: MMSG-26655]
Action.c(344): Error -26377: No match found for the requested parameter "C_AccountNumber". Either the specified boundaries were not found in the response or the matched text is longer than current max html parameter size of 256 bytes. The total length of the response is 9203 bytes. You can use "web_set_max_html_param_len" to increase the max parameter size.  	[MsgId: MERR-26377]
End auto log messages stack.	[MsgId: MMSG-10544]


Start auto log messages stack - Iteration 2.	[MsgId: MMSG-10545]
Action.c(344): Resource "http://localhost/banking/css/staff_login.css" is in the cache already and will not be downloaded again  	[MsgId: MMSG-26655]
Action.c(344): Resource "http://localhost/banking/css/header.css" is in the cache already and will not be downloaded again  	[MsgId: MMSG-26655]
Action.c(344): Resource "http://localhost/banking/img/chase.jpg" is in the cache already and will not be downloaded again  	[MsgId: MMSG-26655]
Action.c(344): Resource "http://localhost/banking/img/home-logo-hi.png" is in the cache already and will not be downloaded again  	[MsgId: MMSG-26655]
Action.c(344): Resource "http://localhost/banking/css/footer.css" is in the cache already and will not be downloaded again  	[MsgId: MMSG-26655]
Action.c(344): Error -26377: No match found for the requested parameter "C_AccountNumber". Either the specified boundaries were not found in the response or the matched text is longer than current max html parameter size of 256 bytes. The total length of the response is 9203 bytes. You can use "web_set_max_html_param_len" to increase the max parameter size.  	[MsgId: MERR-26377]
End auto log messages stack.	[MsgId: MMSG-10544]


Start auto log messages stack - Iteration 1.	[MsgId: MMSG-10545]
Action.c(344): Resource "http://localhost/banking/css/staff_login.css" is in the cache already and will not be downloaded again  	[MsgId: MMSG-26655]
Action.c(344): Resource "http://localhost/banking/css/header.css" is in the cache already and will not be downloaded again  	[MsgId: MMSG-26655]
Action.c(344): Resource "http://localhost/banking/img/chase.jpg" is in the cache already and will not be downloaded again  	[MsgId: MMSG-26655]
Action.c(344): Resource "http://localhost/banking/img/home-logo-hi.png" is in the cache already and will not be downloaded again  	[MsgId: MMSG-26655]
Action.c(344): Resource "http://localhost/banking/css/footer.css" is in the cache already and will not be downloaded again  	[MsgId: MMSG-26655]
Action.c(344): Error -26377: No match found for the requested parameter "C_AccountNumber". Either the specified boundaries were not found in the response or the matched text is longer than current max html parameter size of 256 bytes. The total length of the response is 9203 bytes. You can use "web_set_max_html_param_len" to increase the max parameter size.  	[MsgId: MERR-26377]
End auto log messages stack.	[MsgId: MMSG-10544]


Start auto log messages stack - Iteration 3.	[MsgId: MMSG-10545]
Action.c(344): Resource "http://localhost/banking/css/staff_login.css" is in the cache already and will not be downloaded again  	[MsgId: MMSG-26655]
Action.c(344): Resource "http://localhost/banking/css/header.css" is in the cache already and will not be downloaded again  	[MsgId: MMSG-26655]
Action.c(344): Resource "http://localhost/banking/img/chase.jpg" is in the cache already and will not be downloaded again  	[MsgId: MMSG-26655]
Action.c(344): Resource "http://localhost/banking/img/home-logo-hi.png" is in the cache already and will not be downloaded again  	[MsgId: MMSG-26655]
Action.c(344): Resource "http://localhost/banking/css/footer.css" is in the cache already and will not be downloaded again  	[MsgId: MMSG-26655]
Action.c(344): Error -26377: No match found for the requested parameter "C_AccountNumber". Either the specified boundaries were not found in the response or the matched text is longer than current max html parameter size of 256 bytes. The total length of the response is 9203 bytes. You can use "web_set_max_html_param_len" to increase the max parameter size.  	[MsgId: MERR-26377]
End auto log messages stack.	[MsgId: MMSG-10544]


Start auto log messages stack - Iteration 2.	[MsgId: MMSG-10545]
Action.c(344): Resource "http://localhost/banking/css/staff_login.css" is in the cache already and will not be downloaded again  	[MsgId: MMSG-26655]
Action.c(344): Resource "http://localhost/banking/css/header.css" is in the cache already and will not be downloaded again  	[MsgId: MMSG-26655]
Action.c(344): Resource "http://localhost/banking/img/chase.jpg" is in the cache already and will not be downloaded again  	[MsgId: MMSG-26655]
Action.c(344): Resource "http://localhost/banking/img/home-logo-hi.png" is in the cache already and will not be downloaded again  	[MsgId: MMSG-26655]
Action.c(344): Resource "http://localhost/banking/css/footer.css" is in the cache already and will not be downloaded again  	[MsgId: MMSG-26655]
Action.c(344): Error -26377: No match found for the requested parameter "C_AccountNumber". Either the specified boundaries were not found in the response or the matched text is longer than current max html parameter size of 256 bytes. The total length of the response is 9203 bytes. You can use "web_set_max_html_param_len" to increase the max parameter size.  	[MsgId: MERR-26377]
End auto log messages stack.	[MsgId: MMSG-10544]


Start auto log messages stack - Iteration 1.	[MsgId: MMSG-10545]
Action.c(344): Resource "http://localhost/banking/css/staff_login.css" is in the cache already and will not be downloaded again  	[MsgId: MMSG-26655]
Action.c(344): Resource "http://localhost/banking/css/header.css" is in the cache already and will not be downloaded again  	[MsgId: MMSG-26655]
Action.c(344): Resource "http://localhost/banking/img/chase.jpg" is in the cache already and will not be downloaded again  	[MsgId: MMSG-26655]
Action.c(344): Resource "http://localhost/banking/img/home-logo-hi.png" is in the cache already and will not be downloaded again  	[MsgId: MMSG-26655]
Action.c(344): Resource "http://localhost/banking/css/footer.css" is in the cache already and will not be downloaded again  	[MsgId: MMSG-26655]
Action.c(344): Error -26377: No match found for the requested parameter "C_AccountNumber". Either the specified boundaries were not found in the response or the matched text is longer than current max html parameter size of 256 bytes. The total length of the response is 9203 bytes. You can use "web_set_max_html_param_len" to increase the max parameter size.  	[MsgId: MERR-26377]
End auto log messages stack.	[MsgId: MMSG-10544]


Start auto log messages stack - Iteration 3.	[MsgId: MMSG-10545]
Action.c(344): Resource "http://localhost/banking/css/staff_login.css" is in the cache already and will not be downloaded again  	[MsgId: MMSG-26655]
Action.c(344): Resource "http://localhost/banking/css/header.css" is in the cache already and will not be downloaded again  	[MsgId: MMSG-26655]
Action.c(344): Resource "http://localhost/banking/img/chase.jpg" is in the cache already and will not be downloaded again  	[MsgId: MMSG-26655]
Action.c(344): Resource "http://localhost/banking/img/home-logo-hi.png" is in the cache already and will not be downloaded again  	[MsgId: MMSG-26655]
Action.c(344): Resource "http://localhost/banking/css/footer.css" is in the cache already and will not be downloaded again  	[MsgId: MMSG-26655]
Action.c(344): Error -26377: No match found for the requested parameter "C_AccountNumber". Either the specified boundaries were not found in the response or the matched text is longer than current max html parameter size of 256 bytes. The total length of the response is 9203 bytes. You can use "web_set_max_html_param_len" to increase the max parameter size.  	[MsgId: MERR-26377]
End auto log messages stack.	[MsgId: MMSG-10544]


Start auto log messages stack - Iteration 2.	[MsgId: MMSG-10545]
Action.c(344): Resource "http://localhost/banking/css/staff_login.css" is in the cache already and will not be downloaded again  	[MsgId: MMSG-26655]
Action.c(344): Resource "http://localhost/banking/css/header.css" is in the cache already and will not be downloaded again  	[MsgId: MMSG-26655]
Action.c(344): Resource "http://localhost/banking/img/chase.jpg" is in the cache already and will not be downloaded again  	[MsgId: MMSG-26655]
Action.c(344): Resource "http://localhost/banking/img/home-logo-hi.png" is in the cache already and will not be downloaded again  	[MsgId: MMSG-26655]
Action.c(344): Resource "http://localhost/banking/css/footer.css" is in the cache already and will not be downloaded again  	[MsgId: MMSG-26655]
Action.c(344): Error -26377: No match found for the requested parameter "C_AccountNumber". Either the specified boundaries were not found in the response or the matched text is longer than current max html parameter size of 256 bytes. The total length of the response is 9203 bytes. You can use "web_set_max_html_param_len" to increase the max parameter size.  	[MsgId: MERR-26377]
End auto log messages stack.	[MsgId: MMSG-10544]


Start auto log messages stack - Iteration 1.	[MsgId: MMSG-10545]
Action.c(344): Resource "http://localhost/banking/css/staff_login.css" is in the cache already and will not be downloaded again  	[MsgId: MMSG-26655]
Action.c(344): Resource "http://localhost/banking/css/header.css" is in the cache already and will not be downloaded again  	[MsgId: MMSG-26655]
Action.c(344): Resource "http://localhost/banking/img/chase.jpg" is in the cache already and will not be downloaded again  	[MsgId: MMSG-26655]
Action.c(344): Resource "http://localhost/banking/img/home-logo-hi.png" is in the cache already and will not be downloaded again  	[MsgId: MMSG-26655]
Action.c(344): Resource "http://localhost/banking/css/footer.css" is in the cache already and will not be downloaded again  	[MsgId: MMSG-26655]
Action.c(344): Error -26377: No match found for the requested parameter "C_AccountNumber". Either the specified boundaries were not found in the response or the matched text is longer than current max html parameter size of 256 bytes. The total length of the response is 9203 bytes. You can use "web_set_max_html_param_len" to increase the max parameter size.  	[MsgId: MERR-26377]
End auto log messages stack.	[MsgId: MMSG-10544]


Start auto log messages stack - Iteration 3.	[MsgId: MMSG-10545]
Action.c(344): Resource "http://localhost/banking/css/staff_login.css" is in the cache already and will not be downloaded again  	[MsgId: MMSG-26655]
Action.c(344): Resource "http://localhost/banking/css/header.css" is in the cache already and will not be downloaded again  	[MsgId: MMSG-26655]
Action.c(344): Resource "http://localhost/banking/img/chase.jpg" is in the cache already and will not be downloaded again  	[MsgId: MMSG-26655]
Action.c(344): Resource "http://localhost/banking/img/home-logo-hi.png" is in the cache already and will not be downloaded again  	[MsgId: MMSG-26655]
Action.c(344): Resource "http://localhost/banking/css/footer.css" is in the cache already and will not be downloaded again  	[MsgId: MMSG-26655]
Action.c(344): Error -26377: No match found for the requested parameter "C_AccountNumber". Either the specified boundaries were not found in the response or the matched text is longer than current max html parameter size of 256 bytes. The total length of the response is 9203 bytes. You can use "web_set_max_html_param_len" to increase the max parameter size.  	[MsgId: MERR-26377]
End auto log messages stack.	[MsgId: MMSG-10544]


Start auto log messages stack - Iteration 2.	[MsgId: MMSG-10545]
Action.c(344): Resource "http://localhost/banking/css/staff_login.css" is in the cache already and will not be downloaded again  	[MsgId: MMSG-26655]
Action.c(344): Resource "http://localhost/banking/css/header.css" is in the cache already and will not be downloaded again  	[MsgId: MMSG-26655]
Action.c(344): Resource "http://localhost/banking/img/chase.jpg" is in the cache already and will not be downloaded again  	[MsgId: MMSG-26655]
Action.c(344): Resource "http://localhost/banking/img/home-logo-hi.png" is in the cache already and will not be downloaded again  	[MsgId: MMSG-26655]
Action.c(344): Resource "http://localhost/banking/css/footer.css" is in the cache already and will not be downloaded again  	[MsgId: MMSG-26655]
Action.c(344): Error -26377: No match found for the requested parameter "C_AccountNumber". Either the specified boundaries were not found in the response or the matched text is longer than current max html parameter size of 256 bytes. The total length of the response is 9203 bytes. You can use "web_set_max_html_param_len" to increase the max parameter size.  	[MsgId: MERR-26377]
End auto log messages stack.	[MsgId: MMSG-10544]


Start auto log messages stack - Iteration 1.	[MsgId: MMSG-10545]
Action.c(344): Resource "http://localhost/banking/css/staff_login.css" is in the cache already and will not be downloaded again  	[MsgId: MMSG-26655]
Action.c(344): Resource "http://localhost/banking/css/header.css" is in the cache already and will not be downloaded again  	[MsgId: MMSG-26655]
Action.c(344): Resource "http://localhost/banking/img/chase.jpg" is in the cache already and will not be downloaded again  	[MsgId: MMSG-26655]
Action.c(344): Resource "http://localhost/banking/img/home-logo-hi.png" is in the cache already and will not be downloaded again  	[MsgId: MMSG-26655]
Action.c(344): Resource "http://localhost/banking/css/footer.css" is in the cache already and will not be downloaded again  	[MsgId: MMSG-26655]
Action.c(344): Error -26377: No match found for the requested parameter "C_AccountNumber". Either the specified boundaries were not found in the response or the matched text is longer than current max html parameter size of 256 bytes. The total length of the response is 9203 bytes. You can use "web_set_max_html_param_len" to increase the max parameter size.  	[MsgId: MERR-26377]
End auto log messages stack.	[MsgId: MMSG-10544]


Start auto log messages stack - Iteration 4.	[MsgId: MMSG-10545]
Action.c(344): Resource "http://localhost/banking/css/staff_login.css" is in the cache already and will not be downloaded again  	[MsgId: MMSG-26655]
Action.c(344): Resource "http://localhost/banking/css/header.css" is in the cache already and will not be downloaded again  	[MsgId: MMSG-26655]
Action.c(344): Resource "http://localhost/banking/img/chase.jpg" is in the cache already and will not be downloaded again  	[MsgId: MMSG-26655]
Action.c(344): Resource "http://localhost/banking/img/home-logo-hi.png" is in the cache already and will not be downloaded again  	[MsgId: MMSG-26655]
Action.c(344): Resource "http://localhost/banking/css/footer.css" is in the cache already and will not be downloaded again  	[MsgId: MMSG-26655]
Action.c(344): Error -26377: No match found for the requested parameter "C_AccountNumber". Either the specified boundaries were not found in the response or the matched text is longer than current max html parameter size of 256 bytes. The total length of the response is 9203 bytes. You can use "web_set_max_html_param_len" to increase the max parameter size.  	[MsgId: MERR-26377]
End auto log messages stack.	[MsgId: MMSG-10544]


Start auto log messages stack - Iteration 3.	[MsgId: MMSG-10545]
Action.c(344): Resource "http://localhost/banking/css/staff_login.css" is in the cache already and will not be downloaded again  	[MsgId: MMSG-26655]
Action.c(344): Resource "http://localhost/banking/css/header.css" is in the cache already and will not be downloaded again  	[MsgId: MMSG-26655]
Action.c(344): Resource "http://localhost/banking/img/chase.jpg" is in the cache already and will not be downloaded again  	[MsgId: MMSG-26655]
Action.c(344): Resource "http://localhost/banking/img/home-logo-hi.png" is in the cache already and will not be downloaded again  	[MsgId: MMSG-26655]
Action.c(344): Resource "http://localhost/banking/css/footer.css" is in the cache already and will not be downloaded again  	[MsgId: MMSG-26655]
Action.c(344): Error -26377: No match found for the requested parameter "C_AccountNumber". Either the specified boundaries were not found in the response or the matched text is longer than current max html parameter size of 256 bytes. The total length of the response is 9203 bytes. You can use "web_set_max_html_param_len" to increase the max parameter size.  	[MsgId: MERR-26377]
End auto log messages stack.	[MsgId: MMSG-10544]


Start auto log messages stack - Iteration 2.	[MsgId: MMSG-10545]
Action.c(344): Resource "http://localhost/banking/css/staff_login.css" is in the cache already and will not be downloaded again  	[MsgId: MMSG-26655]
Action.c(344): Resource "http://localhost/banking/css/header.css" is in the cache already and will not be downloaded again  	[MsgId: MMSG-26655]
Action.c(344): Resource "http://localhost/banking/img/chase.jpg" is in the cache already and will not be downloaded again  	[MsgId: MMSG-26655]
Action.c(344): Resource "http://localhost/banking/img/home-logo-hi.png" is in the cache already and will not be downloaded again  	[MsgId: MMSG-26655]
Action.c(344): Resource "http://localhost/banking/css/footer.css" is in the cache already and will not be downloaded again  	[MsgId: MMSG-26655]
Action.c(344): Error -26377: No match found for the requested parameter "C_AccountNumber". Either the specified boundaries were not found in the response or the matched text is longer than current max html parameter size of 256 bytes. The total length of the response is 9203 bytes. You can use "web_set_max_html_param_len" to increase the max parameter size.  	[MsgId: MERR-26377]
End auto log messages stack.	[MsgId: MMSG-10544]


Start auto log messages stack - Iteration 1.	[MsgId: MMSG-10545]
Action.c(344): Resource "http://localhost/banking/css/staff_login.css" is in the cache already and will not be downloaded again  	[MsgId: MMSG-26655]
Action.c(344): Resource "http://localhost/banking/css/header.css" is in the cache already and will not be downloaded again  	[MsgId: MMSG-26655]
Action.c(344): Resource "http://localhost/banking/img/chase.jpg" is in the cache already and will not be downloaded again  	[MsgId: MMSG-26655]
Action.c(344): Resource "http://localhost/banking/img/home-logo-hi.png" is in the cache already and will not be downloaded again  	[MsgId: MMSG-26655]
Action.c(344): Resource "http://localhost/banking/css/footer.css" is in the cache already and will not be downloaded again  	[MsgId: MMSG-26655]
Action.c(344): Error -26377: No match found for the requested parameter "C_AccountNumber". Either the specified boundaries were not found in the response or the matched text is longer than current max html parameter size of 256 bytes. The total length of the response is 9203 bytes. You can use "web_set_max_html_param_len" to increase the max parameter size.  	[MsgId: MERR-26377]
End auto log messages stack.	[MsgId: MMSG-10544]


Start auto log messages stack - Iteration 4.	[MsgId: MMSG-10545]
Action.c(344): Resource "http://localhost/banking/css/staff_login.css" is in the cache already and will not be downloaded again  	[MsgId: MMSG-26655]
Action.c(344): Resource "http://localhost/banking/css/header.css" is in the cache already and will not be downloaded again  	[MsgId: MMSG-26655]
Action.c(344): Resource "http://localhost/banking/img/chase.jpg" is in the cache already and will not be downloaded again  	[MsgId: MMSG-26655]
Action.c(344): Resource "http://localhost/banking/img/home-logo-hi.png" is in the cache already and will not be downloaded again  	[MsgId: MMSG-26655]
Action.c(344): Resource "http://localhost/banking/css/footer.css" is in the cache already and will not be downloaded again  	[MsgId: MMSG-26655]
Action.c(344): Error -26377: No match found for the requested parameter "C_AccountNumber". Either the specified boundaries were not found in the response or the matched text is longer than current max html parameter size of 256 bytes. The total length of the response is 9203 bytes. You can use "web_set_max_html_param_len" to increase the max parameter size.  	[MsgId: MERR-26377]
End auto log messages stack.	[MsgId: MMSG-10544]


Start auto log messages stack - Iteration 3.	[MsgId: MMSG-10545]
Action.c(344): Resource "http://localhost/banking/css/staff_login.css" is in the cache already and will not be downloaded again  	[MsgId: MMSG-26655]
Action.c(344): Resource "http://localhost/banking/css/header.css" is in the cache already and will not be downloaded again  	[MsgId: MMSG-26655]
Action.c(344): Resource "http://localhost/banking/img/chase.jpg" is in the cache already and will not be downloaded again  	[MsgId: MMSG-26655]
Action.c(344): Resource "http://localhost/banking/img/home-logo-hi.png" is in the cache already and will not be downloaded again  	[MsgId: MMSG-26655]
Action.c(344): Resource "http://localhost/banking/css/footer.css" is in the cache already and will not be downloaded again  	[MsgId: MMSG-26655]
Action.c(344): Error -26377: No match found for the requested parameter "C_AccountNumber". Either the specified boundaries were not found in the response or the matched text is longer than current max html parameter size of 256 bytes. The total length of the response is 9203 bytes. You can use "web_set_max_html_param_len" to increase the max parameter size.  	[MsgId: MERR-26377]
End auto log messages stack.	[MsgId: MMSG-10544]


Start auto log messages stack - Iteration 2.	[MsgId: MMSG-10545]
Action.c(344): Resource "http://localhost/banking/css/staff_login.css" is in the cache already and will not be downloaded again  	[MsgId: MMSG-26655]
Action.c(344): Resource "http://localhost/banking/css/header.css" is in the cache already and will not be downloaded again  	[MsgId: MMSG-26655]
Action.c(344): Resource "http://localhost/banking/img/chase.jpg" is in the cache already and will not be downloaded again  	[MsgId: MMSG-26655]
Action.c(344): Resource "http://localhost/banking/img/home-logo-hi.png" is in the cache already and will not be downloaded again  	[MsgId: MMSG-26655]
Action.c(344): Resource "http://localhost/banking/css/footer.css" is in the cache already and will not be downloaded again  	[MsgId: MMSG-26655]
Action.c(344): Error -26377: No match found for the requested parameter "C_AccountNumber". Either the specified boundaries were not found in the response or the matched text is longer than current max html parameter size of 256 bytes. The total length of the response is 9203 bytes. You can use "web_set_max_html_param_len" to increase the max parameter size.  	[MsgId: MERR-26377]
End auto log messages stack.	[MsgId: MMSG-10544]


Start auto log messages stack - Iteration 1.	[MsgId: MMSG-10545]
Action.c(344): Resource "http://localhost/banking/css/staff_login.css" is in the cache already and will not be downloaded again  	[MsgId: MMSG-26655]
Action.c(344): Resource "http://localhost/banking/css/header.css" is in the cache already and will not be downloaded again  	[MsgId: MMSG-26655]
Action.c(344): Resource "http://localhost/banking/img/chase.jpg" is in the cache already and will not be downloaded again  	[MsgId: MMSG-26655]
Action.c(344): Resource "http://localhost/banking/img/home-logo-hi.png" is in the cache already and will not be downloaded again  	[MsgId: MMSG-26655]
Action.c(344): Resource "http://localhost/banking/css/footer.css" is in the cache already and will not be downloaded again  	[MsgId: MMSG-26655]
Action.c(344): Error -26377: No match found for the requested parameter "C_AccountNumber". Either the specified boundaries were not found in the response or the matched text is longer than current max html parameter size of 256 bytes. The total length of the response is 9203 bytes. You can use "web_set_max_html_param_len" to increase the max parameter size.  	[MsgId: MERR-26377]
End auto log messages stack.	[MsgId: MMSG-10544]


Start auto log messages stack - Iteration 4.	[MsgId: MMSG-10545]
Action.c(344): Resource "http://localhost/banking/css/staff_login.css" is in the cache already and will not be downloaded again  	[MsgId: MMSG-26655]
Action.c(344): Resource "http://localhost/banking/css/header.css" is in the cache already and will not be downloaded again  	[MsgId: MMSG-26655]
Action.c(344): Resource "http://localhost/banking/img/chase.jpg" is in the cache already and will not be downloaded again  	[MsgId: MMSG-26655]
Action.c(344): Resource "http://localhost/banking/img/home-logo-hi.png" is in the cache already and will not be downloaded again  	[MsgId: MMSG-26655]
Action.c(344): Resource "http://localhost/banking/css/footer.css" is in the cache already and will not be downloaded again  	[MsgId: MMSG-26655]
Action.c(344): Error -26377: No match found for the requested parameter "C_AccountNumber". Either the specified boundaries were not found in the response or the matched text is longer than current max html parameter size of 256 bytes. The total length of the response is 9203 bytes. You can use "web_set_max_html_param_len" to increase the max parameter size.  	[MsgId: MERR-26377]
End auto log messages stack.	[MsgId: MMSG-10544]


Start auto log messages stack - Iteration 3.	[MsgId: MMSG-10545]
Action.c(344): Resource "http://localhost/banking/css/staff_login.css" is in the cache already and will not be downloaded again  	[MsgId: MMSG-26655]
Action.c(344): Resource "http://localhost/banking/css/header.css" is in the cache already and will not be downloaded again  	[MsgId: MMSG-26655]
Action.c(344): Resource "http://localhost/banking/img/chase.jpg" is in the cache already and will not be downloaded again  	[MsgId: MMSG-26655]
Action.c(344): Resource "http://localhost/banking/img/home-logo-hi.png" is in the cache already and will not be downloaded again  	[MsgId: MMSG-26655]
Action.c(344): Resource "http://localhost/banking/css/footer.css" is in the cache already and will not be downloaded again  	[MsgId: MMSG-26655]
Action.c(344): Error -26377: No match found for the requested parameter "C_AccountNumber". Either the specified boundaries were not found in the response or the matched text is longer than current max html parameter size of 256 bytes. The total length of the response is 9203 bytes. You can use "web_set_max_html_param_len" to increase the max parameter size.  	[MsgId: MERR-26377]
End auto log messages stack.	[MsgId: MMSG-10544]


Start auto log messages stack - Iteration 2.	[MsgId: MMSG-10545]
Action.c(344): Resource "http://localhost/banking/css/staff_login.css" is in the cache already and will not be downloaded again  	[MsgId: MMSG-26655]
Action.c(344): Resource "http://localhost/banking/css/header.css" is in the cache already and will not be downloaded again  	[MsgId: MMSG-26655]
Action.c(344): Resource "http://localhost/banking/img/chase.jpg" is in the cache already and will not be downloaded again  	[MsgId: MMSG-26655]
Action.c(344): Resource "http://localhost/banking/img/home-logo-hi.png" is in the cache already and will not be downloaded again  	[MsgId: MMSG-26655]
Action.c(344): Resource "http://localhost/banking/css/footer.css" is in the cache already and will not be downloaded again  	[MsgId: MMSG-26655]
Action.c(344): Error -26377: No match found for the requested parameter "C_AccountNumber". Either the specified boundaries were not found in the response or the matched text is longer than current max html parameter size of 256 bytes. The total length of the response is 9203 bytes. You can use "web_set_max_html_param_len" to increase the max parameter size.  	[MsgId: MERR-26377]
End auto log messages stack.	[MsgId: MMSG-10544]


Start auto log messages stack - Iteration 1.	[MsgId: MMSG-10545]
Action.c(344): Resource "http://localhost/banking/css/staff_login.css" is in the cache already and will not be downloaded again  	[MsgId: MMSG-26655]
Action.c(344): Resource "http://localhost/banking/css/header.css" is in the cache already and will not be downloaded again  	[MsgId: MMSG-26655]
Action.c(344): Resource "http://localhost/banking/img/chase.jpg" is in the cache already and will not be downloaded again  	[MsgId: MMSG-26655]
Action.c(344): Resource "http://localhost/banking/img/home-logo-hi.png" is in the cache already and will not be downloaded again  	[MsgId: MMSG-26655]
Action.c(344): Resource "http://localhost/banking/css/footer.css" is in the cache already and will not be downloaded again  	[MsgId: MMSG-26655]
Action.c(344): Error -26377: No match found for the requested parameter "C_AccountNumber". Either the specified boundaries were not found in the response or the matched text is longer than current max html parameter size of 256 bytes. The total length of the response is 9203 bytes. You can use "web_set_max_html_param_len" to increase the max parameter size.  	[MsgId: MERR-26377]
End auto log messages stack.	[MsgId: MMSG-10544]


Start auto log messages stack - Iteration 4.	[MsgId: MMSG-10545]
Action.c(344): Resource "http://localhost/banking/css/staff_login.css" is in the cache already and will not be downloaded again  	[MsgId: MMSG-26655]
Action.c(344): Resource "http://localhost/banking/css/header.css" is in the cache already and will not be downloaded again  	[MsgId: MMSG-26655]
Action.c(344): Resource "http://localhost/banking/img/chase.jpg" is in the cache already and will not be downloaded again  	[MsgId: MMSG-26655]
Action.c(344): Resource "http://localhost/banking/img/home-logo-hi.png" is in the cache already and will not be downloaded again  	[MsgId: MMSG-26655]
Action.c(344): Resource "http://localhost/banking/css/footer.css" is in the cache already and will not be downloaded again  	[MsgId: MMSG-26655]
Action.c(344): Error -26377: No match found for the requested parameter "C_AccountNumber". Either the specified boundaries were not found in the response or the matched text is longer than current max html parameter size of 256 bytes. The total length of the response is 9203 bytes. You can use "web_set_max_html_param_len" to increase the max parameter size.  	[MsgId: MERR-26377]
End auto log messages stack.	[MsgId: MMSG-10544]


